  Hought_Transform.cpp
c:\users\mrjohd\desktop\temporary back up\etc\opencv\build\include\opencv2\core\mat.hpp(1965): warning C4819: 현재 코드 페이지(949)에서 표시할 수 없는 문자가 파일에 들어 있습니다. 데이터가 손실되지 않게 하려면 해당 파일을 유니코드 형식으로 저장하십시오.
c:\users\mrjohd\desktop\temporary back up\etc\opencv\build\include\opencv2\core\persistence.hpp : warning C4819: 현재 코드 페이지(949)에서 표시할 수 없는 문자가 파일에 들어 있습니다. 데이터가 손실되지 않게 하려면 해당 파일을 유니코드 형식으로 저장하십시오.
c:\users\mrjohd\desktop\temporary back up\etc\opencv\build\include\opencv2\core\utility.hpp : warning C4819: 현재 코드 페이지(949)에서 표시할 수 없는 문자가 파일에 들어 있습니다. 데이터가 손실되지 않게 하려면 해당 파일을 유니코드 형식으로 저장하십시오.
c:\users\mrjohd\desktop\temporary back up\etc\opencv\build\include\opencv2\core\utility.hpp : warning C4819: 현재 코드 페이지(949)에서 표시할 수 없는 문자가 파일에 들어 있습니다. 데이터가 손실되지 않게 하려면 해당 파일을 유니코드 형식으로 저장하십시오.
d:\socrobotwarhuro\image_processing\03.hough_transform\hought_t\hought_transform.cpp(194): warning C4244: '=': 'float'에서 'int'(으)로 변환하면서 데이터가 손실될 수 있습니다.
d:\socrobotwarhuro\image_processing\03.hough_transform\hought_t\hought_transform.cpp(234): warning C4244: '=': 'double'에서 'float'(으)로 변환하면서 데이터가 손실될 수 있습니다.
d:\socrobotwarhuro\image_processing\03.hough_transform\hought_t\hought_transform.cpp(236): warning C4305: '=': 'double'에서 'float'(으)로 잘립니다.
d:\socrobotwarhuro\image_processing\03.hough_transform\hought_t\hought_transform.cpp(269): warning C4244: '초기화 중': 'double'에서 'int'(으)로 변환하면서 데이터가 손실될 수 있습니다.
d:\socrobotwarhuro\image_processing\03.hough_transform\hought_t\hought_transform.cpp(270): warning C4244: '초기화 중': 'double'에서 'int'(으)로 변환하면서 데이터가 손실될 수 있습니다.
d:\socrobotwarhuro\image_processing\03.hough_transform\hought_t\hought_transform.cpp(274): warning C4244: '=': 'float'에서 'int'(으)로 변환하면서 데이터가 손실될 수 있습니다.
d:\socrobotwarhuro\image_processing\03.hough_transform\hought_t\hought_transform.cpp(275): warning C4244: '=': 'float'에서 'int'(으)로 변환하면서 데이터가 손실될 수 있습니다.
d:\socrobotwarhuro\image_processing\03.hough_transform\hought_t\hought_transform.cpp(281): warning C4244: '=': 'double'에서 'float'(으)로 변환하면서 데이터가 손실될 수 있습니다.
d:\socrobotwarhuro\image_processing\03.hough_transform\hought_t\hought_transform.cpp(282): warning C4244: '=': 'float'에서 'uchar'(으)로 변환하면서 데이터가 손실될 수 있습니다.
d:\socrobotwarhuro\image_processing\03.hough_transform\hought_t\hought_transform.cpp(291): warning C4244: '초기화 중': 'float'에서 'int'(으)로 변환하면서 데이터가 손실될 수 있습니다.
d:\socrobotwarhuro\image_processing\03.hough_transform\hought_t\hought_transform.cpp(292): warning C4244: '초기화 중': 'float'에서 'int'(으)로 변환하면서 데이터가 손실될 수 있습니다.
d:\socrobotwarhuro\image_processing\03.hough_transform\hought_t\hought_transform.cpp(293): warning C4244: '초기화 중': 'float'에서 'int'(으)로 변환하면서 데이터가 손실될 수 있습니다.
d:\socrobotwarhuro\image_processing\03.hough_transform\hought_t\hought_transform.cpp(294): warning C4244: '초기화 중': 'float'에서 'int'(으)로 변환하면서 데이터가 손실될 수 있습니다.
d:\socrobotwarhuro\image_processing\03.hough_transform\hought_t\hought_transform.cpp(295): warning C4244: '초기화 중': 'float'에서 'int'(으)로 변환하면서 데이터가 손실될 수 있습니다.
d:\socrobotwarhuro\image_processing\03.hough_transform\hought_t\hought_transform.cpp(296): warning C4244: '초기화 중': 'float'에서 'int'(으)로 변환하면서 데이터가 손실될 수 있습니다.
d:\socrobotwarhuro\image_processing\03.hough_transform\hought_t\hought_transform.cpp(297): warning C4244: '초기화 중': 'float'에서 'int'(으)로 변환하면서 데이터가 손실될 수 있습니다.
d:\socrobotwarhuro\image_processing\03.hough_transform\hought_t\hought_transform.cpp(298): warning C4244: '초기화 중': 'float'에서 'int'(으)로 변환하면서 데이터가 손실될 수 있습니다.
d:\socrobotwarhuro\image_processing\03.hough_transform\hought_t\hought_transform.cpp(299): warning C4244: '초기화 중': 'float'에서 'int'(으)로 변환하면서 데이터가 손실될 수 있습니다.
d:\socrobotwarhuro\image_processing\03.hough_transform\hought_t\hought_transform.cpp(300): warning C4244: '초기화 중': 'float'에서 'int'(으)로 변환하면서 데이터가 손실될 수 있습니다.
d:\socrobotwarhuro\image_processing\03.hough_transform\hought_t\hought_transform.cpp(386): warning C4244: '=': 'float'에서 'uchar'(으)로 변환하면서 데이터가 손실될 수 있습니다.
d:\socrobotwarhuro\image_processing\03.hough_transform\hought_t\hought_transform.cpp(398): warning C4244: '=': 'double'에서 'float'(으)로 변환하면서 데이터가 손실될 수 있습니다.
d:\socrobotwarhuro\image_processing\03.hough_transform\hought_t\hought_transform.cpp(399): warning C4244: '=': 'double'에서 'float'(으)로 변환하면서 데이터가 손실될 수 있습니다.
d:\socrobotwarhuro\image_processing\03.hough_transform\hought_t\hought_transform.cpp(408): warning C4244: '=': 'double'에서 'float'(으)로 변환하면서 데이터가 손실될 수 있습니다.
d:\socrobotwarhuro\image_processing\03.hough_transform\hought_t\hought_transform.cpp(409): warning C4244: '=': 'double'에서 'float'(으)로 변환하면서 데이터가 손실될 수 있습니다.
d:\socrobotwarhuro\image_processing\03.hough_transform\hought_t\hought_transform.cpp(420): warning C4244: '=': 'unsigned int'에서 'float'(으)로 변환하면서 데이터가 손실될 수 있습니다.
d:\socrobotwarhuro\image_processing\03.hough_transform\hought_t\hought_transform.cpp(421): warning C4244: '=': 'unsigned int'에서 'float'(으)로 변환하면서 데이터가 손실될 수 있습니다.
d:\socrobotwarhuro\image_processing\03.hough_transform\hought_t\hought_transform.cpp(440): warning C4018: '<': signed 또는 unsigned가 일치하지 않습니다.
d:\socrobotwarhuro\image_processing\03.hough_transform\hought_t\hought_transform.cpp(441): warning C4018: '<': signed 또는 unsigned가 일치하지 않습니다.
d:\socrobotwarhuro\image_processing\03.hough_transform\hought_t\hought_transform.cpp(445): warning C4018: '<': signed 또는 unsigned가 일치하지 않습니다.
d:\socrobotwarhuro\image_processing\03.hough_transform\hought_t\hought_transform.cpp(446): warning C4018: '<': signed 또는 unsigned가 일치하지 않습니다.
d:\socrobotwarhuro\image_processing\03.hough_transform\hought_t\hought_transform.cpp(458): warning C4018: '<': signed 또는 unsigned가 일치하지 않습니다.
d:\socrobotwarhuro\image_processing\03.hough_transform\hought_t\hought_transform.cpp(459): warning C4018: '<': signed 또는 unsigned가 일치하지 않습니다.
d:\socrobotwarhuro\image_processing\03.hough_transform\hought_t\hought_transform.cpp(480): warning C4018: '<': signed 또는 unsigned가 일치하지 않습니다.
d:\socrobotwarhuro\image_processing\03.hough_transform\hought_t\hought_transform.cpp(481): warning C4018: '<': signed 또는 unsigned가 일치하지 않습니다.
d:\socrobotwarhuro\image_processing\03.hough_transform\hought_t\hought_transform.cpp(500): warning C4018: '<': signed 또는 unsigned가 일치하지 않습니다.
d:\socrobotwarhuro\image_processing\03.hough_transform\hought_t\hought_transform.cpp(501): warning C4018: '<': signed 또는 unsigned가 일치하지 않습니다.
d:\socrobotwarhuro\image_processing\03.hough_transform\hought_t\hought_transform.cpp(505): warning C4018: '<': signed 또는 unsigned가 일치하지 않습니다.
d:\socrobotwarhuro\image_processing\03.hough_transform\hought_t\hought_transform.cpp(506): warning C4018: '<': signed 또는 unsigned가 일치하지 않습니다.
d:\socrobotwarhuro\image_processing\03.hough_transform\hought_t\hought_transform.cpp(518): warning C4018: '<': signed 또는 unsigned가 일치하지 않습니다.
d:\socrobotwarhuro\image_processing\03.hough_transform\hought_t\hought_transform.cpp(519): warning C4018: '<': signed 또는 unsigned가 일치하지 않습니다.
d:\socrobotwarhuro\image_processing\03.hough_transform\hought_t\hought_transform.cpp(540): warning C4018: '<': signed 또는 unsigned가 일치하지 않습니다.
d:\socrobotwarhuro\image_processing\03.hough_transform\hought_t\hought_transform.cpp(541): warning C4018: '<': signed 또는 unsigned가 일치하지 않습니다.
d:\socrobotwarhuro\image_processing\03.hough_transform\hought_t\hought_transform.cpp(553): warning C4018: '<': signed 또는 unsigned가 일치하지 않습니다.
d:\socrobotwarhuro\image_processing\03.hough_transform\hought_t\hought_transform.cpp(610): warning C4244: '초기화 중': 'double'에서 'int'(으)로 변환하면서 데이터가 손실될 수 있습니다.
d:\socrobotwarhuro\image_processing\03.hough_transform\hought_t\hought_transform.cpp(612): warning C4244: '초기화 중': 'double'에서 'int'(으)로 변환하면서 데이터가 손실될 수 있습니다.
d:\socrobotwarhuro\image_processing\03.hough_transform\hought_t\hought_transform.cpp(672): warning C4715: 'find_circle': 모든 제어 경로에서 값을 반환하지는 않습니다.
LINK : fatal error LNK1104: 'D:\SoCRobotWarHuro\Image_Processing\03.Hough_Transform\Hought_T\x64\Debug\Hought_T.ilk' 파일을 열 수 없습니다.
